<?xml version="1.0" encoding="UTF-8"?>
<!-- Generated by org.testng.reporters.JUnitReportReporter -->
<testsuite skipped="0" hostname="DESKTOP-A53R77R" name="Test_1_emptyCache" tests="9" failures="0" timestamp="27 Aug 2018 15:49:12 GMT" time="0.031" errors="0">
  <testcase name="testGet" time="0.000" classname="Test_1_emptyCache"/>
  <testcase name="testRemove" time="0.000" classname="Test_1_emptyCache"/>
  <testcase name="testIsEmpty" time="0.000" classname="Test_1_emptyCache"/>
  <testcase name="testWrite" time="0.015" classname="Test_1_emptyCache"/>
  <testcase name="testAdd" time="0.016" classname="Test_1_emptyCache"/>
  <testcase name="testRemoveLast" time="0.000" classname="Test_1_emptyCache"/>
  <testcase name="testClear" time="0.000" classname="Test_1_emptyCache"/>
  <testcase name="testGetHitRate" time="0.000" classname="Test_1_emptyCache"/>
  <testcase name="testGetMissRate" time="0.000" classname="Test_1_emptyCache"/>
</testsuite> <!-- Test_1_emptyCache -->
