<?xml version="1.0" encoding="UTF-8"?>
<!-- Generated by org.testng.reporters.JUnitReportReporter -->
<testsuite skipped="0" hostname="DESKTOP-A53R77R" name="Test_3_add10_get10_9in" tests="39" failures="0" timestamp="27 Aug 2018 15:49:12 GMT" time="0.047" errors="0">
  <testcase name="testGet_validElement" time="0.000" classname="Test_3_add10_get10_9in"/>
  <testcase name="testRemove_validElement" time="0.000" classname="Test_3_add10_get10_9in"/>
  <testcase name="testRemove_invalidElement" time="0.000" classname="Test_3_add10_get10_9in"/>
  <testcase name="testRemove_validElement" time="0.000" classname="Test_3_add10_get10_9in"/>
  <testcase name="testIsEmpty" time="0.000" classname="Test_3_add10_get10_9in"/>
  <testcase name="testWrite_validElement" time="0.000" classname="Test_3_add10_get10_9in"/>
  <testcase name="testWrite_validElement" time="0.000" classname="Test_3_add10_get10_9in"/>
  <testcase name="testRemove_validElement" time="0.000" classname="Test_3_add10_get10_9in"/>
  <testcase name="testGet_invalidElement" time="0.000" classname="Test_3_add10_get10_9in"/>
  <testcase name="testGetHitRate" time="0.000" classname="Test_3_add10_get10_9in"/>
  <testcase name="testRemove_validElement" time="0.000" classname="Test_3_add10_get10_9in"/>
  <testcase name="testGet_validElement" time="0.000" classname="Test_3_add10_get10_9in"/>
  <testcase name="testRemove_validElement" time="0.000" classname="Test_3_add10_get10_9in"/>
  <testcase name="testWrite_validElement" time="0.000" classname="Test_3_add10_get10_9in"/>
  <testcase name="testGet_validElement" time="0.000" classname="Test_3_add10_get10_9in"/>
  <testcase name="testWrite_validElement" time="0.000" classname="Test_3_add10_get10_9in"/>
  <testcase name="testGetMissRate" time="0.015" classname="Test_3_add10_get10_9in"/>
  <testcase name="testGet_validElement" time="0.000" classname="Test_3_add10_get10_9in"/>
  <testcase name="testGet_validElement" time="0.000" classname="Test_3_add10_get10_9in"/>
  <testcase name="testRemove_validElement" time="0.000" classname="Test_3_add10_get10_9in"/>
  <testcase name="testGet_validElement" time="0.000" classname="Test_3_add10_get10_9in"/>
  <testcase name="testClear" time="0.000" classname="Test_3_add10_get10_9in"/>
  <testcase name="testRemove_validElement" time="0.000" classname="Test_3_add10_get10_9in"/>
  <testcase name="testGet_validElement" time="0.000" classname="Test_3_add10_get10_9in"/>
  <testcase name="testGet_validElement" time="0.016" classname="Test_3_add10_get10_9in"/>
  <testcase name="testWrite_validElement" time="0.000" classname="Test_3_add10_get10_9in"/>
  <testcase name="testWrite_invalidElement" time="0.000" classname="Test_3_add10_get10_9in"/>
  <testcase name="testWrite_validElement" time="0.000" classname="Test_3_add10_get10_9in"/>
  <testcase name="testWrite_validElement" time="0.000" classname="Test_3_add10_get10_9in"/>
  <testcase name="testAdd" time="0.000" classname="Test_3_add10_get10_9in"/>
  <testcase name="testWrite_validElement" time="0.000" classname="Test_3_add10_get10_9in"/>
  <testcase name="testRemoveLast" time="0.000" classname="Test_3_add10_get10_9in"/>
  <testcase name="testRemove_validElement" time="0.000" classname="Test_3_add10_get10_9in"/>
  <testcase name="testGet_validElement" time="0.000" classname="Test_3_add10_get10_9in"/>
  <testcase name="testGet_validElement" time="0.000" classname="Test_3_add10_get10_9in"/>
  <testcase name="testRemove_validElement" time="0.000" classname="Test_3_add10_get10_9in"/>
  <testcase name="testWrite_validElement" time="0.000" classname="Test_3_add10_get10_9in"/>
  <testcase name="testWrite_validElement" time="0.016" classname="Test_3_add10_get10_9in"/>
  <testcase name="testRemove_validElement" time="0.000" classname="Test_3_add10_get10_9in"/>
</testsuite> <!-- Test_3_add10_get10_9in -->
