<?xml version="1.0" encoding="UTF-8"?>
<!-- Generated by org.testng.reporters.JUnitReportReporter -->
<testsuite skipped="0" hostname="DESKTOP-A53R77R" name="HashTableTest_10f_M12_removeM12_emptyHashTable_default" tests="14" failures="0" timestamp="28 Oct 2018 02:57:48 GMT" time="0.005" errors="0">
  <testcase name="testGetFrequency" time="0.000" classname="HashTableTest_10f_M12_removeM12_emptyHashTable_default"/>
  <testcase name="testPut" time="0.000" classname="HashTableTest_10f_M12_removeM12_emptyHashTable_default"/>
  <testcase name="testClear" time="0.000" classname="HashTableTest_10f_M12_removeM12_emptyHashTable_default"/>
  <testcase name="testGetCapacity" time="0.000" classname="HashTableTest_10f_M12_removeM12_emptyHashTable_default"/>
  <testcase name="testGetHash" time="0.000" classname="HashTableTest_10f_M12_removeM12_emptyHashTable_default"/>
  <testcase name="testGetLoadFactor" time="0.000" classname="HashTableTest_10f_M12_removeM12_emptyHashTable_default"/>
  <testcase name="testSize" time="0.000" classname="HashTableTest_10f_M12_removeM12_emptyHashTable_default"/>
  <testcase name="testIsEmpty" time="0.000" classname="HashTableTest_10f_M12_removeM12_emptyHashTable_default"/>
  <testcase name="testGetNumDuplicates" time="0.001" classname="HashTableTest_10f_M12_removeM12_emptyHashTable_default"/>
  <testcase name="testContains" time="0.001" classname="HashTableTest_10f_M12_removeM12_emptyHashTable_default"/>
  <testcase name="testGetType" time="0.000" classname="HashTableTest_10f_M12_removeM12_emptyHashTable_default"/>
  <testcase name="testGetMaxSize" time="0.001" classname="HashTableTest_10f_M12_removeM12_emptyHashTable_default"/>
  <testcase name="testGetNumProbes" time="0.001" classname="HashTableTest_10f_M12_removeM12_emptyHashTable_default"/>
  <testcase name="testRemove" time="0.001" classname="HashTableTest_10f_M12_removeM12_emptyHashTable_default"/>
</testsuite> <!-- HashTableTest_10f_M12_removeM12_emptyHashTable_default -->
