<?xml version="1.0" encoding="UTF-8"?>
<!-- Generated by org.testng.reporters.JUnitReportReporter -->
<testsuite skipped="0" hostname="DESKTOP-A53R77R" name="HashTableTest_12g_L11_putM12_L11M12_default" tests="47" failures="0" timestamp="28 Oct 2018 04:15:46 GMT" time="0.036" errors="0">
  <testcase name="testContains_Valid" time="0.000" classname="HashTableTest_12g_L11_putM12_L11M12_default"/>
  <testcase name="testGetHash" time="0.001" classname="HashTableTest_12g_L11_putM12_L11M12_default"/>
  <testcase name="testGetMaxSize" time="0.003" classname="HashTableTest_12g_L11_putM12_L11M12_default"/>
  <testcase name="testGetHash" time="0.001" classname="HashTableTest_12g_L11_putM12_L11M12_default"/>
  <testcase name="testGetHash" time="0.001" classname="HashTableTest_12g_L11_putM12_L11M12_default"/>
  <testcase name="testRemove_Valid" time="0.000" classname="HashTableTest_12g_L11_putM12_L11M12_default"/>
  <testcase name="testGetHash" time="0.000" classname="HashTableTest_12g_L11_putM12_L11M12_default"/>
  <testcase name="testSize" time="0.003" classname="HashTableTest_12g_L11_putM12_L11M12_default"/>
  <testcase name="testGetHash" time="0.001" classname="HashTableTest_12g_L11_putM12_L11M12_default"/>
  <testcase name="testGetHash" time="0.000" classname="HashTableTest_12g_L11_putM12_L11M12_default"/>
  <testcase name="testContains_Valid" time="0.001" classname="HashTableTest_12g_L11_putM12_L11M12_default"/>
  <testcase name="testGetHash" time="0.001" classname="HashTableTest_12g_L11_putM12_L11M12_default"/>
  <testcase name="testGetFrequency_Valid" time="0.001" classname="HashTableTest_12g_L11_putM12_L11M12_default"/>
  <testcase name="testRemove_Invalid" time="0.001" classname="HashTableTest_12g_L11_putM12_L11M12_default"/>
  <testcase name="testClear" time="0.000" classname="HashTableTest_12g_L11_putM12_L11M12_default"/>
  <testcase name="testGetLoadFactor" time="0.001" classname="HashTableTest_12g_L11_putM12_L11M12_default"/>
  <testcase name="testGetCapacity" time="0.000" classname="HashTableTest_12g_L11_putM12_L11M12_default"/>
  <testcase name="testGetHash" time="0.003" classname="HashTableTest_12g_L11_putM12_L11M12_default"/>
  <testcase name="testGetHash" time="0.001" classname="HashTableTest_12g_L11_putM12_L11M12_default"/>
  <testcase name="testGetHash" time="0.000" classname="HashTableTest_12g_L11_putM12_L11M12_default"/>
  <testcase name="testGetHash" time="0.002" classname="HashTableTest_12g_L11_putM12_L11M12_default"/>
  <testcase name="testGetHash" time="0.002" classname="HashTableTest_12g_L11_putM12_L11M12_default"/>
  <testcase name="testGetHash" time="0.000" classname="HashTableTest_12g_L11_putM12_L11M12_default"/>
  <testcase name="testGetNumDuplicates" time="0.001" classname="HashTableTest_12g_L11_putM12_L11M12_default"/>
  <testcase name="testGetNumProbes" time="0.002" classname="HashTableTest_12g_L11_putM12_L11M12_default"/>
  <testcase name="testGetHash" time="0.000" classname="HashTableTest_12g_L11_putM12_L11M12_default"/>
  <testcase name="testIsEmpty" time="0.000" classname="HashTableTest_12g_L11_putM12_L11M12_default"/>
  <testcase name="testGetHash" time="0.000" classname="HashTableTest_12g_L11_putM12_L11M12_default"/>
  <testcase name="testRemove_Valid" time="0.000" classname="HashTableTest_12g_L11_putM12_L11M12_default"/>
  <testcase name="testGetHash" time="0.000" classname="HashTableTest_12g_L11_putM12_L11M12_default"/>
  <testcase name="testGetFrequency_Valid" time="0.000" classname="HashTableTest_12g_L11_putM12_L11M12_default"/>
  <testcase name="testGetHash" time="0.000" classname="HashTableTest_12g_L11_putM12_L11M12_default"/>
  <testcase name="testGetHash" time="0.000" classname="HashTableTest_12g_L11_putM12_L11M12_default"/>
  <testcase name="testGetType" time="0.001" classname="HashTableTest_12g_L11_putM12_L11M12_default"/>
  <testcase name="testContains_Invalid" time="0.000" classname="HashTableTest_12g_L11_putM12_L11M12_default"/>
  <testcase name="testGetHash" time="0.002" classname="HashTableTest_12g_L11_putM12_L11M12_default"/>
  <testcase name="testGetHash" time="0.001" classname="HashTableTest_12g_L11_putM12_L11M12_default"/>
  <testcase name="testGetFrequency_Invalid" time="0.000" classname="HashTableTest_12g_L11_putM12_L11M12_default"/>
  <testcase name="testPut" time="0.001" classname="HashTableTest_12g_L11_putM12_L11M12_default"/>
  <testcase name="testGetHash" time="0.001" classname="HashTableTest_12g_L11_putM12_L11M12_default"/>
  <testcase name="testGetHash" time="0.002" classname="HashTableTest_12g_L11_putM12_L11M12_default"/>
  <testcase name="testGetHash" time="0.000" classname="HashTableTest_12g_L11_putM12_L11M12_default"/>
  <testcase name="testGetHash" time="0.000" classname="HashTableTest_12g_L11_putM12_L11M12_default"/>
  <testcase name="testGetHash" time="0.001" classname="HashTableTest_12g_L11_putM12_L11M12_default"/>
  <testcase name="testGetHash" time="0.001" classname="HashTableTest_12g_L11_putM12_L11M12_default"/>
  <testcase name="testGetHash" time="0.000" classname="HashTableTest_12g_L11_putM12_L11M12_default"/>
  <testcase name="testGetHash" time="0.000" classname="HashTableTest_12g_L11_putM12_L11M12_default"/>
</testsuite> <!-- HashTableTest_12g_L11_putM12_L11M12_default -->
