<?xml version="1.0" encoding="UTF-8"?>
<!-- Generated by org.testng.reporters.JUnitReportReporter -->
<testsuite skipped="0" hostname="DESKTOP-A53R77R" name="HashTableTest_11e_M12_putM12_M12_75_13_double" tests="17" failures="0" timestamp="28 Oct 2018 04:15:45 GMT" time="0.008" errors="0">
  <testcase name="testGetMaxSize" time="0.000" classname="HashTableTest_11e_M12_putM12_M12_75_13_double"/>
  <testcase name="testIsEmpty" time="0.000" classname="HashTableTest_11e_M12_putM12_M12_75_13_double"/>
  <testcase name="testGetFrequency_Valid" time="0.000" classname="HashTableTest_11e_M12_putM12_M12_75_13_double"/>
  <testcase name="testRemove_Valid" time="0.000" classname="HashTableTest_11e_M12_putM12_M12_75_13_double"/>
  <testcase name="testRemove_Invalid" time="0.001" classname="HashTableTest_11e_M12_putM12_M12_75_13_double"/>
  <testcase name="testGetHash" time="0.000" classname="HashTableTest_11e_M12_putM12_M12_75_13_double"/>
  <testcase name="testContains_Valid" time="0.001" classname="HashTableTest_11e_M12_putM12_M12_75_13_double"/>
  <testcase name="testGetFrequency_Invalid" time="0.000" classname="HashTableTest_11e_M12_putM12_M12_75_13_double"/>
  <testcase name="testClear" time="0.001" classname="HashTableTest_11e_M12_putM12_M12_75_13_double"/>
  <testcase name="testGetNumDuplicates" time="0.000" classname="HashTableTest_11e_M12_putM12_M12_75_13_double"/>
  <testcase name="testSize" time="0.000" classname="HashTableTest_11e_M12_putM12_M12_75_13_double"/>
  <testcase name="testGetCapacity" time="0.001" classname="HashTableTest_11e_M12_putM12_M12_75_13_double"/>
  <testcase name="testContains_Invalid" time="0.001" classname="HashTableTest_11e_M12_putM12_M12_75_13_double"/>
  <testcase name="testGetType" time="0.001" classname="HashTableTest_11e_M12_putM12_M12_75_13_double"/>
  <testcase name="testGetLoadFactor" time="0.001" classname="HashTableTest_11e_M12_putM12_M12_75_13_double"/>
  <testcase name="testPut" time="0.000" classname="HashTableTest_11e_M12_putM12_M12_75_13_double"/>
  <testcase name="testGetNumProbes" time="0.001" classname="HashTableTest_11e_M12_putM12_M12_75_13_double"/>
</testsuite> <!-- HashTableTest_11e_M12_putM12_M12_75_13_double -->
