<?xml version="1.0" encoding="UTF-8"?>
<!-- Generated by org.testng.reporters.JUnitReportReporter -->
<testsuite skipped="0" hostname="DESKTOP-A53R77R" name="HashTableTest_0_newTable_75_13_double" tests="14" failures="0" timestamp="28 Oct 2018 04:15:45 GMT" time="0.010" errors="0">
  <testcase name="testGetCapacity" time="0.001" classname="HashTableTest_0_newTable_75_13_double"/>
  <testcase name="testGetNumProbes" time="0.001" classname="HashTableTest_0_newTable_75_13_double"/>
  <testcase name="testGetHash" time="0.000" classname="HashTableTest_0_newTable_75_13_double"/>
  <testcase name="testGetType" time="0.001" classname="HashTableTest_0_newTable_75_13_double"/>
  <testcase name="testClear" time="0.001" classname="HashTableTest_0_newTable_75_13_double"/>
  <testcase name="testGetLoadFactor" time="0.001" classname="HashTableTest_0_newTable_75_13_double"/>
  <testcase name="testPut" time="0.000" classname="HashTableTest_0_newTable_75_13_double"/>
  <testcase name="testGetNumDuplicates" time="0.001" classname="HashTableTest_0_newTable_75_13_double"/>
  <testcase name="testGetMaxSize" time="0.003" classname="HashTableTest_0_newTable_75_13_double"/>
  <testcase name="testIsEmpty" time="0.000" classname="HashTableTest_0_newTable_75_13_double"/>
  <testcase name="testRemove" time="0.000" classname="HashTableTest_0_newTable_75_13_double"/>
  <testcase name="testContains" time="0.000" classname="HashTableTest_0_newTable_75_13_double"/>
  <testcase name="testGetFrequency" time="0.000" classname="HashTableTest_0_newTable_75_13_double"/>
  <testcase name="testSize" time="0.001" classname="HashTableTest_0_newTable_75_13_double"/>
</testsuite> <!-- HashTableTest_0_newTable_75_13_double -->
