<?xml version="1.0" encoding="UTF-8"?>
<!-- Generated by org.testng.reporters.JUnitReportReporter -->
<testsuite skipped="0" hostname="DESKTOP-A53R77R" name="HashTableTest_0_newTable_default" tests="14" failures="0" timestamp="28 Oct 2018 04:15:45 GMT" time="0.068" errors="0">
  <testcase name="testPut" time="0.004" classname="HashTableTest_0_newTable_default"/>
  <testcase name="testGetCapacity" time="0.002" classname="HashTableTest_0_newTable_default"/>
  <testcase name="testSize" time="0.002" classname="HashTableTest_0_newTable_default"/>
  <testcase name="testGetLoadFactor" time="0.006" classname="HashTableTest_0_newTable_default"/>
  <testcase name="testGetType" time="0.002" classname="HashTableTest_0_newTable_default"/>
  <testcase name="testGetFrequency" time="0.003" classname="HashTableTest_0_newTable_default"/>
  <testcase name="testGetMaxSize" time="0.014" classname="HashTableTest_0_newTable_default"/>
  <testcase name="testGetNumDuplicates" time="0.003" classname="HashTableTest_0_newTable_default"/>
  <testcase name="testGetNumProbes" time="0.003" classname="HashTableTest_0_newTable_default"/>
  <testcase name="testClear" time="0.009" classname="HashTableTest_0_newTable_default"/>
  <testcase name="testRemove" time="0.004" classname="HashTableTest_0_newTable_default"/>
  <testcase name="testContains" time="0.007" classname="HashTableTest_0_newTable_default"/>
  <testcase name="testIsEmpty" time="0.003" classname="HashTableTest_0_newTable_default"/>
  <testcase name="testGetHash" time="0.006" classname="HashTableTest_0_newTable_default"/>
</testsuite> <!-- HashTableTest_0_newTable_default -->
