<?xml version="1.0" encoding="UTF-8"?>
<!-- Generated by org.testng.reporters.JUnitReportReporter -->
<testsuite skipped="0" hostname="DESKTOP-A53R77R" name="TestNGSimpleTest" tests="3" failures="0" timestamp="24 Aug 2018 23:17:58 GMT" time="0.039" errors="0">
  <testcase name="testDataProvider" time="0.031" classname="TestNGSimpleTest"/>
  <testcase name="testString" time="0.007" classname="TestNGSimpleTest"/>
  <testcase name="testDataProvider" time="0.001" classname="TestNGSimpleTest"/>
</testsuite> <!-- TestNGSimpleTest -->
