<?xml version="1.0" encoding="UTF-8"?>
<!-- Generated by org.testng.reporters.JUnitReportReporter -->
<testsuite skipped="0" hostname="DESKTOP-A53R77R" name="MaxHeapTest_11_fiveElements_increaseKey_mid" tests="10" failures="0" timestamp="22 Sep 2018 04:04:37 GMT" time="0.047" errors="0">
  <testcase name="testMaxHeapInsert" time="0.000" classname="MaxHeapTest_11_fiveElements_increaseKey_mid"/>
  <testcase name="testIncreaseHeapKey" time="0.000" classname="MaxHeapTest_11_fiveElements_increaseKey_mid"/>
  <testcase name="testIncreaseHeapKey" time="0.000" classname="MaxHeapTest_11_fiveElements_increaseKey_mid"/>
  <testcase name="testIncreaseHeapKey" time="0.000" classname="MaxHeapTest_11_fiveElements_increaseKey_mid"/>
  <testcase name="testHeapMax" time="0.015" classname="MaxHeapTest_11_fiveElements_increaseKey_mid"/>
  <testcase name="testIsEmpty" time="0.016" classname="MaxHeapTest_11_fiveElements_increaseKey_mid"/>
  <testcase name="testIncreaseHeapKey" time="0.016" classname="MaxHeapTest_11_fiveElements_increaseKey_mid"/>
  <testcase name="testGetHeapSize" time="0.000" classname="MaxHeapTest_11_fiveElements_increaseKey_mid"/>
  <testcase name="testIncreaseHeapKey" time="0.000" classname="MaxHeapTest_11_fiveElements_increaseKey_mid"/>
  <testcase name="testExtractHeapMax" time="0.000" classname="MaxHeapTest_11_fiveElements_increaseKey_mid"/>
</testsuite> <!-- MaxHeapTest_11_fiveElements_increaseKey_mid -->
