<?xml version="1.0" encoding="UTF-8"?>
<!-- Generated by org.testng.reporters.JUnitReportReporter -->
<testsuite skipped="0" hostname="DESKTOP-A53R77R" name="PriorityQueueTest_5_fiveElements_insert" tests="11" failures="0" timestamp="21 Sep 2018 21:24:22 GMT" time="0.019" errors="0">
  <testcase name="testIncreaseKey" time="0.001" classname="PriorityQueueTest_5_fiveElements_insert"/>
  <testcase name="testIncreaseKey" time="0.002" classname="PriorityQueueTest_5_fiveElements_insert"/>
  <testcase name="testIncreaseKey" time="0.003" classname="PriorityQueueTest_5_fiveElements_insert"/>
  <testcase name="testIncreaseKey" time="0.002" classname="PriorityQueueTest_5_fiveElements_insert"/>
  <testcase name="testSize" time="0.002" classname="PriorityQueueTest_5_fiveElements_insert"/>
  <testcase name="testMaximum" time="0.001" classname="PriorityQueueTest_5_fiveElements_insert"/>
  <testcase name="testExtractMax" time="0.002" classname="PriorityQueueTest_5_fiveElements_insert"/>
  <testcase name="testIsEmpty" time="0.001" classname="PriorityQueueTest_5_fiveElements_insert"/>
  <testcase name="testIncreaseKey" time="0.001" classname="PriorityQueueTest_5_fiveElements_insert"/>
  <testcase name="testInsert" time="0.002" classname="PriorityQueueTest_5_fiveElements_insert"/>
  <testcase name="testIncreaseKey" time="0.002" classname="PriorityQueueTest_5_fiveElements_insert"/>
</testsuite> <!-- PriorityQueueTest_5_fiveElements_insert -->
