<?xml version="1.0" encoding="UTF-8"?>
<!-- Generated by org.testng.reporters.JUnitReportReporter -->
<testsuite skipped="0" hostname="DESKTOP-A53R77R" name="MaxHeapTest_8_tenElements_increaseKey_max" tests="15" failures="0" timestamp="22 Sep 2018 04:04:38 GMT" time="0.063" errors="0">
  <testcase name="testExtractHeapMax" time="0.000" classname="MaxHeapTest_8_tenElements_increaseKey_max"/>
  <testcase name="testHeapMax" time="0.000" classname="MaxHeapTest_8_tenElements_increaseKey_max"/>
  <testcase name="testIncreaseHeapKey" time="0.000" classname="MaxHeapTest_8_tenElements_increaseKey_max"/>
  <testcase name="testIncreaseHeapKey" time="0.016" classname="MaxHeapTest_8_tenElements_increaseKey_max"/>
  <testcase name="testIncreaseHeapKey" time="0.015" classname="MaxHeapTest_8_tenElements_increaseKey_max"/>
  <testcase name="testIncreaseHeapKey" time="0.016" classname="MaxHeapTest_8_tenElements_increaseKey_max"/>
  <testcase name="testIncreaseHeapKey" time="0.016" classname="MaxHeapTest_8_tenElements_increaseKey_max"/>
  <testcase name="testGetHeapSize" time="0.000" classname="MaxHeapTest_8_tenElements_increaseKey_max"/>
  <testcase name="testMaxHeapInsert" time="0.000" classname="MaxHeapTest_8_tenElements_increaseKey_max"/>
  <testcase name="testIncreaseHeapKey" time="0.000" classname="MaxHeapTest_8_tenElements_increaseKey_max"/>
  <testcase name="testIncreaseHeapKey" time="0.000" classname="MaxHeapTest_8_tenElements_increaseKey_max"/>
  <testcase name="testIncreaseHeapKey" time="0.000" classname="MaxHeapTest_8_tenElements_increaseKey_max"/>
  <testcase name="testIncreaseHeapKey" time="0.000" classname="MaxHeapTest_8_tenElements_increaseKey_max"/>
  <testcase name="testIsEmpty" time="0.000" classname="MaxHeapTest_8_tenElements_increaseKey_max"/>
  <testcase name="testIncreaseHeapKey" time="0.000" classname="MaxHeapTest_8_tenElements_increaseKey_max"/>
</testsuite> <!-- MaxHeapTest_8_tenElements_increaseKey_max -->
