<?xml version="1.0" encoding="UTF-8"?>
<!-- Generated by org.testng.reporters.JUnitReportReporter -->
<testsuite skipped="0" hostname="DESKTOP-A53R77R" name="MaxHeapTest_1_oneElement_extract" tests="3" failures="0" timestamp="22 Sep 2018 04:04:37 GMT" time="0.032" errors="0">
  <testcase name="testIsEmpty" time="0.000" classname="MaxHeapTest_1_oneElement_extract"/>
  <testcase name="testGetHeapSize" time="0.016" classname="MaxHeapTest_1_oneElement_extract"/>
  <testcase name="testMaxHeapInsert" time="0.016" classname="MaxHeapTest_1_oneElement_extract"/>
</testsuite> <!-- MaxHeapTest_1_oneElement_extract -->
