<?xml version="1.0" encoding="UTF-8"?>
<!-- Generated by org.testng.reporters.JUnitReportReporter -->
<testsuite skipped="0" hostname="DESKTOP-A53R77R" name="PriorityQueueTest_2_fiveElements_extract" tests="9" failures="0" timestamp="21 Sep 2018 21:24:22 GMT" time="0.023" errors="0">
  <testcase name="testExtractMax" time="0.002" classname="PriorityQueueTest_2_fiveElements_extract"/>
  <testcase name="testIncreaseKey" time="0.002" classname="PriorityQueueTest_2_fiveElements_extract"/>
  <testcase name="testIncreaseKey" time="0.002" classname="PriorityQueueTest_2_fiveElements_extract"/>
  <testcase name="testIncreaseKey" time="0.003" classname="PriorityQueueTest_2_fiveElements_extract"/>
  <testcase name="testInsert" time="0.003" classname="PriorityQueueTest_2_fiveElements_extract"/>
  <testcase name="testIncreaseKey" time="0.002" classname="PriorityQueueTest_2_fiveElements_extract"/>
  <testcase name="testIsEmpty" time="0.005" classname="PriorityQueueTest_2_fiveElements_extract"/>
  <testcase name="testMaximum" time="0.002" classname="PriorityQueueTest_2_fiveElements_extract"/>
  <testcase name="testSize" time="0.002" classname="PriorityQueueTest_2_fiveElements_extract"/>
</testsuite> <!-- PriorityQueueTest_2_fiveElements_extract -->
