<?xml version="1.0" encoding="UTF-8"?>
<!-- Generated by org.testng.reporters.JUnitReportReporter -->
<testsuite skipped="0" hostname="DESKTOP-A53R77R" name="PriorityQueueTest_1_oneElement_extract" tests="3" failures="0" timestamp="21 Sep 2018 21:24:22 GMT" time="0.022" errors="0">
  <testcase name="testPQueueInsert" time="0.003" classname="PriorityQueueTest_1_oneElement_extract"/>
  <testcase name="testIsEmpty" time="0.017" classname="PriorityQueueTest_1_oneElement_extract"/>
  <testcase name="testSize" time="0.002" classname="PriorityQueueTest_1_oneElement_extract"/>
</testsuite> <!-- PriorityQueueTest_1_oneElement_extract -->
