<?xml version="1.0" encoding="UTF-8"?>
<!-- Generated by org.testng.reporters.JUnitReportReporter -->
<testsuite skipped="0" hostname="DESKTOP-A53R77R" name="PriorityQueueTest_3_tenElements_extract" tests="14" failures="0" timestamp="21 Sep 2018 21:24:22 GMT" time="0.052" errors="0">
  <testcase name="testIncreaseKey" time="0.002" classname="PriorityQueueTest_3_tenElements_extract"/>
  <testcase name="testIncreaseKey" time="0.003" classname="PriorityQueueTest_3_tenElements_extract"/>
  <testcase name="testIsEmpty" time="0.011" classname="PriorityQueueTest_3_tenElements_extract"/>
  <testcase name="testIncreaseKey" time="0.004" classname="PriorityQueueTest_3_tenElements_extract"/>
  <testcase name="testIncreaseKey" time="0.006" classname="PriorityQueueTest_3_tenElements_extract"/>
  <testcase name="testSize" time="0.003" classname="PriorityQueueTest_3_tenElements_extract"/>
  <testcase name="testIncreaseKey" time="0.001" classname="PriorityQueueTest_3_tenElements_extract"/>
  <testcase name="testIncreaseKey" time="0.001" classname="PriorityQueueTest_3_tenElements_extract"/>
  <testcase name="testIncreaseKey" time="0.003" classname="PriorityQueueTest_3_tenElements_extract"/>
  <testcase name="testInsert" time="0.009" classname="PriorityQueueTest_3_tenElements_extract"/>
  <testcase name="testIncreaseKey" time="0.001" classname="PriorityQueueTest_3_tenElements_extract"/>
  <testcase name="testIncreaseKey" time="0.004" classname="PriorityQueueTest_3_tenElements_extract"/>
  <testcase name="testMaximum" time="0.001" classname="PriorityQueueTest_3_tenElements_extract"/>
  <testcase name="testExtractMax" time="0.003" classname="PriorityQueueTest_3_tenElements_extract"/>
</testsuite> <!-- PriorityQueueTest_3_tenElements_extract -->
