<?xml version="1.0" encoding="UTF-8"?>
<!-- Generated by org.testng.reporters.JUnitReportReporter -->
<testsuite skipped="0" hostname="DESKTOP-A53R77R" name="PriorityQueueTest_11_fiveElements_increaseKey_mid" tests="10" failures="0" timestamp="21 Sep 2018 21:24:22 GMT" time="0.012" errors="0">
  <testcase name="testSize" time="0.000" classname="PriorityQueueTest_11_fiveElements_increaseKey_mid"/>
  <testcase name="testIncreaseKey" time="0.000" classname="PriorityQueueTest_11_fiveElements_increaseKey_mid"/>
  <testcase name="testIncreaseKey" time="0.001" classname="PriorityQueueTest_11_fiveElements_increaseKey_mid"/>
  <testcase name="testIncreaseKey" time="0.001" classname="PriorityQueueTest_11_fiveElements_increaseKey_mid"/>
  <testcase name="testIncreaseKey" time="0.001" classname="PriorityQueueTest_11_fiveElements_increaseKey_mid"/>
  <testcase name="testMaximum" time="0.002" classname="PriorityQueueTest_11_fiveElements_increaseKey_mid"/>
  <testcase name="testInsert" time="0.001" classname="PriorityQueueTest_11_fiveElements_increaseKey_mid"/>
  <testcase name="testIncreaseKey" time="0.003" classname="PriorityQueueTest_11_fiveElements_increaseKey_mid"/>
  <testcase name="testIsEmpty" time="0.001" classname="PriorityQueueTest_11_fiveElements_increaseKey_mid"/>
  <testcase name="testExtractHeapMax" time="0.002" classname="PriorityQueueTest_11_fiveElements_increaseKey_mid"/>
</testsuite> <!-- PriorityQueueTest_11_fiveElements_increaseKey_mid -->
