<?xml version="1.0" encoding="UTF-8"?>
<!-- Generated by org.testng.reporters.JUnitReportReporter -->
<testsuite skipped="0" hostname="DESKTOP-A53R77R" name="PriorityQueueTest_9_fiveElements_increaseKey_min" tests="10" failures="0" timestamp="21 Sep 2018 21:24:22 GMT" time="0.033" errors="0">
  <testcase name="testSize" time="0.001" classname="PriorityQueueTest_9_fiveElements_increaseKey_min"/>
  <testcase name="testIncreaseKey" time="0.001" classname="PriorityQueueTest_9_fiveElements_increaseKey_min"/>
  <testcase name="testIncreaseKey" time="0.001" classname="PriorityQueueTest_9_fiveElements_increaseKey_min"/>
  <testcase name="testInsert" time="0.001" classname="PriorityQueueTest_9_fiveElements_increaseKey_min"/>
  <testcase name="testIncreaseKey" time="0.004" classname="PriorityQueueTest_9_fiveElements_increaseKey_min"/>
  <testcase name="testIsEmpty" time="0.002" classname="PriorityQueueTest_9_fiveElements_increaseKey_min"/>
  <testcase name="testIncreaseKey" time="0.001" classname="PriorityQueueTest_9_fiveElements_increaseKey_min"/>
  <testcase name="testMaximum" time="0.001" classname="PriorityQueueTest_9_fiveElements_increaseKey_min"/>
  <testcase name="testExtractMax" time="0.002" classname="PriorityQueueTest_9_fiveElements_increaseKey_min"/>
  <testcase name="testIncreaseKey" time="0.019" classname="PriorityQueueTest_9_fiveElements_increaseKey_min"/>
</testsuite> <!-- PriorityQueueTest_9_fiveElements_increaseKey_min -->
