<?xml version="1.0" encoding="UTF-8"?>
<!-- Generated by org.testng.reporters.JUnitReportReporter -->
<testsuite skipped="0" hostname="DESKTOP-A53R77R" name="MaxHeapTest_4_empty_insert" tests="6" failures="0" timestamp="22 Sep 2018 04:04:37 GMT" time="0.046" errors="0">
  <testcase name="testIsEmpty" time="0.000" classname="MaxHeapTest_4_empty_insert"/>
  <testcase name="testIncreaseHeapKey" time="0.016" classname="MaxHeapTest_4_empty_insert"/>
  <testcase name="testExtractHeapMax" time="0.015" classname="MaxHeapTest_4_empty_insert"/>
  <testcase name="testGetHeapSize" time="0.000" classname="MaxHeapTest_4_empty_insert"/>
  <testcase name="testHeapMax" time="0.000" classname="MaxHeapTest_4_empty_insert"/>
  <testcase name="testMaxHeapInsert" time="0.015" classname="MaxHeapTest_4_empty_insert"/>
</testsuite> <!-- MaxHeapTest_4_empty_insert -->
